<?xml version="1.0" encoding="UTF-8"?>
<!-- Generated by org.testng.reporters.JUnitXMLReporter -->
<testsuite hostname="INLEN8520032813" failures="0" tests="6" name="Default test" time="54.56" errors="0" timestamp="18 Apr 2022 05:27:25 GMT">
  <testcase classname="StepDefinition.ExtentReportOnSearching" name="@AfterClass showonly_option" time="0.0">
    <failure type="org.testng.TestNGException" message="
Method showonly_option requires 1 parameters but 0 were supplied in the @Configuration annotation.">
      <![CDATA[org.testng.TestNGException: 
Method showonly_option requires 1 parameters but 0 were supplied in the @Configuration annotation.
	at org.testng.internal.Parameters.checkParameterTypes(Parameters.java:191)
	at org.testng.internal.Parameters.createParameters(Parameters.java:127)
	at org.testng.internal.Parameters.createParameters(Parameters.java:376)
	at org.testng.internal.Parameters.createConfigurationParameters(Parameters.java:84)
	at org.testng.internal.Invoker.invokeConfigurations(Invoker.java:201)
	at org.testng.internal.Invoker.invokeConfigurations(Invoker.java:142)
	at org.testng.internal.TestMethodWorker.invokeAfterClassMethods(TestMethodWorker.java:232)
	at org.testng.internal.TestMethodWorker.run(TestMethodWorker.java:115)
	at org.testng.TestRunner.privateRun(TestRunner.java:782)
	at org.testng.TestRunner.run(TestRunner.java:632)
	at org.testng.SuiteRunner.runTest(SuiteRunner.java:366)
	at org.testng.SuiteRunner.runSequentially(SuiteRunner.java:361)
	at org.testng.SuiteRunner.privateRun(SuiteRunner.java:319)
	at org.testng.SuiteRunner.run(SuiteRunner.java:268)
	at org.testng.SuiteRunnerWorker.runSuite(SuiteRunnerWorker.java:52)
	at org.testng.SuiteRunnerWorker.run(SuiteRunnerWorker.java:86)
	at org.testng.TestNG.runSuitesSequentially(TestNG.java:1244)
	at org.testng.TestNG.runSuitesLocally(TestNG.java:1169)
	at org.testng.TestNG.run(TestNG.java:1064)
	at org.testng.remote.AbstractRemoteTestNG.run(AbstractRemoteTestNG.java:115)
	at org.testng.remote.RemoteTestNG.initAndRun(RemoteTestNG.java:251)
	at org.testng.remote.RemoteTestNG.main(RemoteTestNG.java:77)
]]>
    </failure>
  </testcase> <!-- @AfterClass showonly_option -->
  <testcase classname="StepDefinition.ExtentReportOnSearching" name="getURL" time="5.639"/>
  <testcase classname="StepDefinition.ExtentReportOnSearching" name="data_search_box" time="4.098"/>
  <testcase classname="StepDefinition.ExtentReportOnSearching" name="search_box_click" time="9.805"/>
  <testcase classname="StepDefinition.ExtentReportOnSearching" name="search_price" time="9.656"/>
  <testcase classname="StepDefinition.ExtentReportOnSearching" name="search_location" time="9.003"/>
  <testcase classname="StepDefinition.ExtentReportOnSearching" name="searchship_option" time="10.006"/>
</testsuite> <!-- Default test -->
